2023.12.29 16:30:08 INFO  Started: Metals version 1.2.0 in folders '/home/dread/UNI/FPLP' for client Visual Studio Code 1.85.1.
2023.12.29 16:30:09 WARN  Build server is not auto-connectable.
2023.12.29 16:30:09 WARN  no build tool detected in workspace '/home/dread/UNI/FPLP'. The most common cause for this problem is that the editor was opened in the wrong working directory, for example if you use sbt then the workspace directory should contain build.sbt. 
2023.12.29 16:30:09 WARN  no build target for: /home/dread/UNI/FPLP/scala/esami/giugno2016/arnoldC.scala
2023.12.29 16:30:12 INFO  no build target found for /home/dread/UNI/FPLP/scala/esami/giugno2016/arnoldC.scala. Using presentation compiler with project's scala-library version: 3.3.1
2023.12.29 16:30:14 INFO  time: code lens generation in 4.81s
2023.12.29 16:30:50 WARN  no build target for: /home/dread/UNI/FPLP/scala/esami/giugno2016/arnoldC.scala
2023.12.29 17:45:02 INFO  Started: Metals version 1.2.0 in folders '/home/dread/UNI/FPLP' for client Visual Studio Code 1.85.1.
2023.12.29 17:45:03 WARN  Build server is not auto-connectable.
2023.12.29 17:45:03 WARN  no build tool detected in workspace '/home/dread/UNI/FPLP'. The most common cause for this problem is that the editor was opened in the wrong working directory, for example if you use sbt then the workspace directory should contain build.sbt. 
2023.12.29 17:45:03 WARN  no build target for: /home/dread/UNI/FPLP/scala/esami/giugno2016/arnoldC.scala
2023.12.29 17:45:06 INFO  no build target found for /home/dread/UNI/FPLP/scala/esami/giugno2016/arnoldC.scala. Using presentation compiler with project's scala-library version: 3.3.1
2023.12.29 17:45:08 INFO  time: code lens generation in 4.8s
Dec 29, 2023 5:46:25 PM org.eclipse.lsp4j.jsonrpc.RemoteEndpoint handleCancellation
WARNING: Unmatched cancel notification for request id 30
2023.12.29 17:48:16 WARN  no build target for: /home/dread/UNI/FPLP/scala/esami/giugno2016/arnoldC.scala
Dec 29, 2023 5:48:28 PM org.eclipse.lsp4j.jsonrpc.RemoteEndpoint handleCancellation
WARNING: Unmatched cancel notification for request id 356
2023.12.29 17:48:40 WARN  no build target for: /home/dread/UNI/FPLP/scala/esami/giugno2016/arnoldC.scala
2023.12.29 17:49:57 INFO  Shutting down server
2023.12.29 17:49:57 INFO  shutting down Metals
2023.12.29 17:49:57 INFO  Exiting server
2023.12.29 18:01:53 WARN  no build target for: /home/dread/UNI/FPLP/scala/esami/giugno2016/arnoldC.scala
2023.12.29 18:15:08 WARN  no build target for: /home/dread/UNI/FPLP/scala/esami/giugno2016/arnoldC.scala
2023.12.29 18:16:46 WARN  no build target for: /home/dread/UNI/FPLP/scala/esami/giugno2016/arnoldC.scala
2023.12.29 18:16:51 WARN  no build target for: /home/dread/UNI/FPLP/scala/esami/giugno2016/arnoldC.scala
2023.12.29 18:17:07 WARN  no build target for: /home/dread/UNI/FPLP/scala/esami/giugno2016/arnoldC.scala
2023.12.29 18:29:43 WARN  no build target for: /home/dread/UNI/FPLP/scala/esami/giugno2016/arnoldC.scala
2023.12.29 18:30:05 WARN  no build target for: /home/dread/UNI/FPLP/scala/esami/giugno2016/arnoldC.scala
2023.12.29 18:30:34 WARN  no build target for: /home/dread/UNI/FPLP/scala/esami/giugno2016/arnoldC.scala
2023.12.29 18:30:47 WARN  Using indexes to guess the definition of booleanops
2023.12.29 18:30:48 WARN  no build target for: /home/dread/UNI/FPLP/scala/esami/giugno2016/arnoldC.scala
2023.12.29 18:31:08 WARN  no build target for: /home/dread/UNI/FPLP/scala/esami/giugno2016/arnoldC.scala
2023.12.29 18:31:40 WARN  no build target for: /home/dread/UNI/FPLP/scala/esami/giugno2016/arnoldC.scala
2023.12.29 18:34:05 WARN  no build target for: /home/dread/UNI/FPLP/scala/esami/giugno2016/arnoldC.scala
2023.12.29 18:34:11 WARN  no build target for: /home/dread/UNI/FPLP/scala/esami/giugno2016/arnoldC.scala
2023.12.29 18:37:27 WARN  no build target for: /home/dread/UNI/FPLP/scala/esami/giugno2016/arnoldC.scala
Dec 29, 2023 6:38:42 PM org.eclipse.lsp4j.jsonrpc.RemoteEndpoint handleCancellation
WARNING: Unmatched cancel notification for request id 1240
2023.12.29 18:39:35 WARN  no build target for: /home/dread/UNI/FPLP/scala/esami/giugno2016/arnoldC.scala
2023.12.29 18:49:34 WARN  no build target for: /home/dread/UNI/FPLP/scala/esami/giugno2016/arnoldC.scala
2023.12.29 19:04:14 INFO  Shutting down server
2023.12.29 19:04:14 INFO  shutting down Metals
2023.12.29 19:04:14 INFO  Exiting server
2023.12.30 16:36:18 INFO  Started: Metals version 1.2.0 in folders '/home/dread/UNI/FPLP' for client Visual Studio Code 1.85.1.
2023.12.30 16:36:19 WARN  Build server is not auto-connectable.
2023.12.30 16:36:19 WARN  no build tool detected in workspace '/home/dread/UNI/FPLP'. The most common cause for this problem is that the editor was opened in the wrong working directory, for example if you use sbt then the workspace directory should contain build.sbt. 
2023.12.30 16:36:19 WARN  no build target for: /home/dread/UNI/FPLP/scala/esami/giugno2016/arnoldC.scala
2023.12.30 16:36:22 INFO  no build target found for /home/dread/UNI/FPLP/scala/esami/giugno2016/arnoldC.scala. Using presentation compiler with project's scala-library version: 3.3.1
2023.12.30 16:36:24 INFO  time: code lens generation in 4.71s
Dec 30, 2023 4:58:06 PM org.eclipse.lsp4j.jsonrpc.RemoteEndpoint handleCancellation
WARNING: Unmatched cancel notification for request id 63
2023.12.30 16:58:09 WARN  no build target for: /home/dread/UNI/FPLP/scala/esami/giugno2016/arnoldC.scala
2023.12.30 16:58:31 WARN  no build target for: /home/dread/UNI/FPLP/scala/esami/giugno2016/arnoldC.scala
2023.12.30 16:58:55 WARN  no build target for: /home/dread/UNI/FPLP/scala/esami/giugno2016/arnoldC.scala
2023.12.30 17:39:28 WARN  no build target for: /home/dread/UNI/FPLP/scala/esami/giugno2016/arnoldC.scala
2023.12.30 17:42:24 WARN  no build target for: /home/dread/UNI/FPLP/scala/esami/giugno2016/arnoldC.scala
2023.12.30 17:44:06 WARN  no build target for: /home/dread/UNI/FPLP/scala/esami/giugno2016/arnoldC.scala
2023.12.30 17:48:30 WARN  no build target for: /home/dread/UNI/FPLP/scala/esami/giugno2016/arnoldC.scala
2023.12.30 17:50:22 WARN  no build target for: /home/dread/UNI/FPLP/scala/esami/giugno2016/arnoldC.scala
2023.12.30 17:50:51 WARN  no build target for: /home/dread/UNI/FPLP/scala/esami/giugno2016/arnoldC.scala
2023.12.30 17:51:01 WARN  no build target for: /home/dread/UNI/FPLP/scala/esami/giugno2016/arnoldC.scala
2023.12.30 17:51:38 WARN  no build target for: /home/dread/UNI/FPLP/scala/esami/giugno2016/arnoldC.scala
2023.12.30 17:51:39 WARN  no build target for: /home/dread/UNI/FPLP/scala/esami/giugno2016/arnoldC.scala
2023.12.30 17:51:39 WARN  no build target for: /home/dread/UNI/FPLP/scala/esami/giugno2016/arnoldC.scala
2023.12.30 17:51:52 WARN  no build target for: /home/dread/UNI/FPLP/scala/esami/giugno2016/arnoldC.scala
2023.12.30 17:53:55 WARN  no build target for: /home/dread/UNI/FPLP/scala/esami/giugno2016/arnoldC.scala
2023.12.30 17:56:05 WARN  no build target for: /home/dread/UNI/FPLP/scala/esami/giugno2016/arnoldC.scala
2023.12.30 17:57:04 WARN  no build target for: /home/dread/UNI/FPLP/scala/esami/giugno2016/arnoldC.scala
2023.12.30 18:28:09 WARN  no build target for: /home/dread/UNI/FPLP/scala/esami/giugno2016/arnoldC.scala
Dec 30, 2023 6:32:05 PM org.eclipse.lsp4j.jsonrpc.RemoteEndpoint handleCancellation
WARNING: Unmatched cancel notification for request id 1224
2023.12.30 18:32:24 WARN  no build target for: /home/dread/UNI/FPLP/scala/esami/giugno2016/arnoldC.scala
2023.12.30 18:32:32 WARN  no build target for: /home/dread/UNI/FPLP/scala/esami/giugno2016/arnoldC.scala
2023.12.30 18:32:40 WARN  no build target for: /home/dread/UNI/FPLP/scala/esami/giugno2016/arnoldC.scala
2023.12.30 18:33:00 WARN  no build target for: /home/dread/UNI/FPLP/scala/esami/giugno2016/arnoldC.scala
2023.12.30 18:33:24 WARN  no build target for: /home/dread/UNI/FPLP/scala/esami/giugno2016/arnoldC.scala
2023.12.30 18:33:48 WARN  no build target for: /home/dread/UNI/FPLP/scala/esami/giugno2016/arnoldC.scala
2023.12.30 18:34:18 WARN  no build target for: /home/dread/UNI/FPLP/scala/esami/giugno2016/arnoldC.scala
2023.12.30 18:35:04 WARN  no build target for: /home/dread/UNI/FPLP/scala/esami/giugno2016/arnoldC.scala
2023.12.30 18:35:27 WARN  no build target for: /home/dread/UNI/FPLP/scala/esami/giugno2016/arnoldC.scala
2023.12.30 18:47:49 WARN  no build target for: /home/dread/UNI/FPLP/scala/esami/giugno2016/arnoldC.scala
2023.12.30 18:48:12 WARN  no build target for: /home/dread/UNI/FPLP/scala/esami/giugno2016/arnoldC.scala
2023.12.30 18:48:33 WARN  no build target for: /home/dread/UNI/FPLP/scala/esami/giugno2016/arnoldC.scala
2023.12.30 18:48:44 WARN  no build target for: /home/dread/UNI/FPLP/scala/esami/giugno2016/arnoldC.scala
2023.12.30 18:49:31 WARN  no build target for: /home/dread/UNI/FPLP/scala/esami/giugno2016/arnoldC.scala
2023.12.30 19:00:13 WARN  Using indexes to guess the definition of codelines
2023.12.30 19:00:22 WARN  no build target for: /home/dread/UNI/FPLP/scala/esami/giugno2016/arnoldC.scala
Dec 30, 2023 7:04:47 PM org.eclipse.lsp4j.jsonrpc.RemoteEndpoint handleCancellation
WARNING: Unmatched cancel notification for request id 2034
2023.12.30 19:05:31 WARN  no build target for: /home/dread/UNI/FPLP/scala/esami/giugno2016/arnoldC.scala
Dec 30, 2023 7:06:28 PM org.eclipse.lsp4j.jsonrpc.RemoteEndpoint handleCancellation
WARNING: Unmatched cancel notification for request id 2071
2023.12.30 19:06:53 WARN  no build target for: /home/dread/UNI/FPLP/scala/esami/giugno2016/arnoldC.scala
Dec 30, 2023 7:07:24 PM org.eclipse.lsp4j.jsonrpc.RemoteEndpoint handleCancellation
WARNING: Unmatched cancel notification for request id 2114
2023.12.30 19:07:31 WARN  no build target for: /home/dread/UNI/FPLP/scala/esami/giugno2016/arnoldC.scala
Dec 30, 2023 7:08:12 PM org.eclipse.lsp4j.jsonrpc.RemoteEndpoint handleCancellation
WARNING: Unmatched cancel notification for request id 2145
2023.12.30 19:08:30 ERROR Failed to tokenize input for semantic tokens for /home/dread/UNI/FPLP/scala/esami/giugno2016/arnoldC.scala
scala.meta.tokenizers.TokenizeException: <input>:36: error: unclosed string interpolation
    def condition = ("BECAUSE I'M GOING TO SAY PLEASE"~>value)~>block~(BULLSHIT["~>block<~"] YOU HAVE NO RESPECT FOR LOGIC") ^^{
                                                                                                                           ^
	at scala.meta.internal.tokenizers.Reporter.syntaxError(Reporter.scala:23)
	at scala.meta.internal.tokenizers.Reporter.syntaxError$(Reporter.scala:23)
	at scala.meta.internal.tokenizers.Reporter$$anon$1.syntaxError(Reporter.scala:33)
	at scala.meta.internal.tokenizers.Reporter.syntaxError(Reporter.scala:25)
	at scala.meta.internal.tokenizers.Reporter.syntaxError$(Reporter.scala:25)
	at scala.meta.internal.tokenizers.Reporter$$anon$1.syntaxError(Reporter.scala:33)
	at scala.meta.internal.tokenizers.LegacyScanner.getStringPart(LegacyScanner.scala:659)
	at scala.meta.internal.tokenizers.LegacyScanner.fetchDoubleQuote$1(LegacyScanner.scala:357)
	at scala.meta.internal.tokenizers.LegacyScanner.fetchToken(LegacyScanner.scala:376)
	at scala.meta.internal.tokenizers.LegacyScanner.nextToken(LegacyScanner.scala:211)
	at scala.meta.internal.tokenizers.LegacyScanner.foreach(LegacyScanner.scala:1011)
	at scala.meta.internal.tokenizers.ScalametaTokenizer.uncachedTokenize(ScalametaTokenizer.scala:24)
	at scala.meta.internal.tokenizers.ScalametaTokenizer.$anonfun$tokenize$1(ScalametaTokenizer.scala:17)
	at scala.collection.concurrent.TrieMap.getOrElseUpdate(TrieMap.scala:962)
	at scala.meta.internal.tokenizers.ScalametaTokenizer.tokenize(ScalametaTokenizer.scala:17)
	at scala.meta.internal.tokenizers.ScalametaTokenizer$$anon$2.apply(ScalametaTokenizer.scala:332)
	at scala.meta.tokenizers.Api$XtensionTokenizeDialectInput.tokenize(Api.scala:25)
	at scala.meta.tokenizers.Api$XtensionTokenizeInputLike.tokenize(Api.scala:14)
	at scala.meta.internal.metals.SemanticTokensProvider$.getTokens(SemanticTokensProvider.scala:28)
	at scala.meta.internal.metals.SemanticTokensProvider$.provide(SemanticTokensProvider.scala:89)
	at scala.meta.internal.metals.Compilers.$anonfun$semanticTokens$3(Compilers.scala:541)
	at scala.concurrent.impl.Promise$Transformation.run(Promise.scala:467)
	at java.util.concurrent.ThreadPoolExecutor.runWorker(ThreadPoolExecutor.java:1136)
	at java.util.concurrent.ThreadPoolExecutor$Worker.run(ThreadPoolExecutor.java:635)
	at java.lang.Thread.run(Thread.java:840)

2023.12.30 19:08:32 ERROR Failed to tokenize input for semantic tokens for /home/dread/UNI/FPLP/scala/esami/giugno2016/arnoldC.scala
scala.meta.tokenizers.TokenizeException: <input>:36: error: unclosed string interpolation
    def condition = ("BECAUSE I'M GOING TO SAY PLEASE"~>value)~>block~(Â°BULLSHIT["~>block<~"] YOU HAVE NO RESPECT FOR LOGIC") ^^{
                                                                                                                            ^
	at scala.meta.internal.tokenizers.Reporter.syntaxError(Reporter.scala:23)
	at scala.meta.internal.tokenizers.Reporter.syntaxError$(Reporter.scala:23)
	at scala.meta.internal.tokenizers.Reporter$$anon$1.syntaxError(Reporter.scala:33)
	at scala.meta.internal.tokenizers.Reporter.syntaxError(Reporter.scala:25)
	at scala.meta.internal.tokenizers.Reporter.syntaxError$(Reporter.scala:25)
	at scala.meta.internal.tokenizers.Reporter$$anon$1.syntaxError(Reporter.scala:33)
	at scala.meta.internal.tokenizers.LegacyScanner.getStringPart(LegacyScanner.scala:659)
	at scala.meta.internal.tokenizers.LegacyScanner.fetchDoubleQuote$1(LegacyScanner.scala:357)
	at scala.meta.internal.tokenizers.LegacyScanner.fetchToken(LegacyScanner.scala:376)
	at scala.meta.internal.tokenizers.LegacyScanner.nextToken(LegacyScanner.scala:211)
	at scala.meta.internal.tokenizers.LegacyScanner.foreach(LegacyScanner.scala:1011)
	at scala.meta.internal.tokenizers.ScalametaTokenizer.uncachedTokenize(ScalametaTokenizer.scala:24)
	at scala.meta.internal.tokenizers.ScalametaTokenizer.$anonfun$tokenize$1(ScalametaTokenizer.scala:17)
	at scala.collection.concurrent.TrieMap.getOrElseUpdate(TrieMap.scala:962)
	at scala.meta.internal.tokenizers.ScalametaTokenizer.tokenize(ScalametaTokenizer.scala:17)
	at scala.meta.internal.tokenizers.ScalametaTokenizer$$anon$2.apply(ScalametaTokenizer.scala:332)
	at scala.meta.tokenizers.Api$XtensionTokenizeDialectInput.tokenize(Api.scala:25)
	at scala.meta.tokenizers.Api$XtensionTokenizeInputLike.tokenize(Api.scala:14)
	at scala.meta.internal.metals.SemanticTokensProvider$.getTokens(SemanticTokensProvider.scala:28)
	at scala.meta.internal.metals.SemanticTokensProvider$.provide(SemanticTokensProvider.scala:89)
	at scala.meta.internal.metals.Compilers.$anonfun$semanticTokens$3(Compilers.scala:541)
	at scala.concurrent.impl.Promise$Transformation.run(Promise.scala:467)
	at java.util.concurrent.ThreadPoolExecutor.runWorker(ThreadPoolExecutor.java:1136)
	at java.util.concurrent.ThreadPoolExecutor$Worker.run(ThreadPoolExecutor.java:635)
	at java.lang.Thread.run(Thread.java:840)

2023.12.30 19:08:32 ERROR Failed to tokenize input for semantic tokens for /home/dread/UNI/FPLP/scala/esami/giugno2016/arnoldC.scala
scala.meta.tokenizers.TokenizeException: <input>:36: error: unclosed string interpolation
    def condition = ("BECAUSE I'M GOING TO SAY PLEASE"~>value)~>block~(!BULLSHIT["~>block<~"] YOU HAVE NO RESPECT FOR LOGIC") ^^{
                                                                                                                            ^
	at scala.meta.internal.tokenizers.Reporter.syntaxError(Reporter.scala:23)
	at scala.meta.internal.tokenizers.Reporter.syntaxError$(Reporter.scala:23)
	at scala.meta.internal.tokenizers.Reporter$$anon$1.syntaxError(Reporter.scala:33)
	at scala.meta.internal.tokenizers.Reporter.syntaxError(Reporter.scala:25)
	at scala.meta.internal.tokenizers.Reporter.syntaxError$(Reporter.scala:25)
	at scala.meta.internal.tokenizers.Reporter$$anon$1.syntaxError(Reporter.scala:33)
	at scala.meta.internal.tokenizers.LegacyScanner.getStringPart(LegacyScanner.scala:659)
	at scala.meta.internal.tokenizers.LegacyScanner.fetchDoubleQuote$1(LegacyScanner.scala:357)
	at scala.meta.internal.tokenizers.LegacyScanner.fetchToken(LegacyScanner.scala:376)
	at scala.meta.internal.tokenizers.LegacyScanner.nextToken(LegacyScanner.scala:211)
	at scala.meta.internal.tokenizers.LegacyScanner.foreach(LegacyScanner.scala:1011)
	at scala.meta.internal.tokenizers.ScalametaTokenizer.uncachedTokenize(ScalametaTokenizer.scala:24)
	at scala.meta.internal.tokenizers.ScalametaTokenizer.$anonfun$tokenize$1(ScalametaTokenizer.scala:17)
	at scala.collection.concurrent.TrieMap.getOrElseUpdate(TrieMap.scala:962)
	at scala.meta.internal.tokenizers.ScalametaTokenizer.tokenize(ScalametaTokenizer.scala:17)
	at scala.meta.internal.tokenizers.ScalametaTokenizer$$anon$2.apply(ScalametaTokenizer.scala:332)
	at scala.meta.tokenizers.Api$XtensionTokenizeDialectInput.tokenize(Api.scala:25)
	at scala.meta.tokenizers.Api$XtensionTokenizeInputLike.tokenize(Api.scala:14)
	at scala.meta.internal.metals.SemanticTokensProvider$.getTokens(SemanticTokensProvider.scala:28)
	at scala.meta.internal.metals.SemanticTokensProvider$.provide(SemanticTokensProvider.scala:89)
	at scala.meta.internal.metals.Compilers.$anonfun$semanticTokens$3(Compilers.scala:541)
	at scala.concurrent.impl.Promise$Transformation.run(Promise.scala:467)
	at java.util.concurrent.ThreadPoolExecutor.runWorker(ThreadPoolExecutor.java:1136)
	at java.util.concurrent.ThreadPoolExecutor$Worker.run(ThreadPoolExecutor.java:635)
	at java.lang.Thread.run(Thread.java:840)

2023.12.30 19:08:50 ERROR Failed to tokenize input for semantic tokens for /home/dread/UNI/FPLP/scala/esami/giugno2016/arnoldC.scala
scala.meta.tokenizers.TokenizeException: <input>:40: error: unclosed string interpolation
    def condition_variable = ("BECAUSE I'M GOING TO SAY PLEASE"~>variable)~>block~(BULLSHIT["~>block<~"] YOU HAVE NO RESPECT FOR LOGIC") ^^{
                                                                                                                                       ^
	at scala.meta.internal.tokenizers.Reporter.syntaxError(Reporter.scala:23)
	at scala.meta.internal.tokenizers.Reporter.syntaxError$(Reporter.scala:23)
	at scala.meta.internal.tokenizers.Reporter$$anon$1.syntaxError(Reporter.scala:33)
	at scala.meta.internal.tokenizers.Reporter.syntaxError(Reporter.scala:25)
	at scala.meta.internal.tokenizers.Reporter.syntaxError$(Reporter.scala:25)
	at scala.meta.internal.tokenizers.Reporter$$anon$1.syntaxError(Reporter.scala:33)
	at scala.meta.internal.tokenizers.LegacyScanner.getStringPart(LegacyScanner.scala:659)
	at scala.meta.internal.tokenizers.LegacyScanner.fetchDoubleQuote$1(LegacyScanner.scala:357)
	at scala.meta.internal.tokenizers.LegacyScanner.fetchToken(LegacyScanner.scala:376)
	at scala.meta.internal.tokenizers.LegacyScanner.nextToken(LegacyScanner.scala:211)
	at scala.meta.internal.tokenizers.LegacyScanner.foreach(LegacyScanner.scala:1011)
	at scala.meta.internal.tokenizers.ScalametaTokenizer.uncachedTokenize(ScalametaTokenizer.scala:24)
	at scala.meta.internal.tokenizers.ScalametaTokenizer.$anonfun$tokenize$1(ScalametaTokenizer.scala:17)
	at scala.collection.concurrent.TrieMap.getOrElseUpdate(TrieMap.scala:962)
	at scala.meta.internal.tokenizers.ScalametaTokenizer.tokenize(ScalametaTokenizer.scala:17)
	at scala.meta.internal.tokenizers.ScalametaTokenizer$$anon$2.apply(ScalametaTokenizer.scala:332)
	at scala.meta.tokenizers.Api$XtensionTokenizeDialectInput.tokenize(Api.scala:25)
	at scala.meta.tokenizers.Api$XtensionTokenizeInputLike.tokenize(Api.scala:14)
	at scala.meta.internal.metals.SemanticTokensProvider$.getTokens(SemanticTokensProvider.scala:28)
	at scala.meta.internal.metals.SemanticTokensProvider$.provide(SemanticTokensProvider.scala:89)
	at scala.meta.internal.metals.Compilers.$anonfun$semanticTokens$3(Compilers.scala:541)
	at scala.concurrent.impl.Promise$Transformation.run(Promise.scala:467)
	at java.util.concurrent.ThreadPoolExecutor.runWorker(ThreadPoolExecutor.java:1136)
	at java.util.concurrent.ThreadPoolExecutor$Worker.run(ThreadPoolExecutor.java:635)
	at java.lang.Thread.run(Thread.java:840)

2023.12.30 19:08:57 WARN  no build target for: /home/dread/UNI/FPLP/scala/esami/giugno2016/arnoldC.scala
2023.12.30 19:09:19 WARN  no build target for: /home/dread/UNI/FPLP/scala/esami/giugno2016/arnoldC.scala
2023.12.30 19:17:04 ERROR Failed to tokenize input for semantic tokens for /home/dread/UNI/FPLP/scala/esami/giugno2016/arnoldC.scala
scala.meta.tokenizers.TokenizeException: <input>:63: error: unclosed string interpolation
      println(env(a")
                    ^
	at scala.meta.internal.tokenizers.Reporter.syntaxError(Reporter.scala:23)
	at scala.meta.internal.tokenizers.Reporter.syntaxError$(Reporter.scala:23)
	at scala.meta.internal.tokenizers.Reporter$$anon$1.syntaxError(Reporter.scala:33)
	at scala.meta.internal.tokenizers.Reporter.syntaxError(Reporter.scala:25)
	at scala.meta.internal.tokenizers.Reporter.syntaxError$(Reporter.scala:25)
	at scala.meta.internal.tokenizers.Reporter$$anon$1.syntaxError(Reporter.scala:33)
	at scala.meta.internal.tokenizers.LegacyScanner.getStringPart(LegacyScanner.scala:659)
	at scala.meta.internal.tokenizers.LegacyScanner.fetchDoubleQuote$1(LegacyScanner.scala:357)
	at scala.meta.internal.tokenizers.LegacyScanner.fetchToken(LegacyScanner.scala:376)
	at scala.meta.internal.tokenizers.LegacyScanner.nextToken(LegacyScanner.scala:211)
	at scala.meta.internal.tokenizers.LegacyScanner.foreach(LegacyScanner.scala:1011)
	at scala.meta.internal.tokenizers.ScalametaTokenizer.uncachedTokenize(ScalametaTokenizer.scala:24)
	at scala.meta.internal.tokenizers.ScalametaTokenizer.$anonfun$tokenize$1(ScalametaTokenizer.scala:17)
	at scala.collection.concurrent.TrieMap.getOrElseUpdate(TrieMap.scala:962)
	at scala.meta.internal.tokenizers.ScalametaTokenizer.tokenize(ScalametaTokenizer.scala:17)
	at scala.meta.internal.tokenizers.ScalametaTokenizer$$anon$2.apply(ScalametaTokenizer.scala:332)
	at scala.meta.tokenizers.Api$XtensionTokenizeDialectInput.tokenize(Api.scala:25)
	at scala.meta.tokenizers.Api$XtensionTokenizeInputLike.tokenize(Api.scala:14)
	at scala.meta.internal.metals.SemanticTokensProvider$.getTokens(SemanticTokensProvider.scala:28)
	at scala.meta.internal.metals.SemanticTokensProvider$.provide(SemanticTokensProvider.scala:89)
	at scala.meta.internal.metals.Compilers.$anonfun$semanticTokens$3(Compilers.scala:541)
	at scala.concurrent.impl.Promise$Transformation.run(Promise.scala:467)
	at java.util.concurrent.ThreadPoolExecutor.runWorker(ThreadPoolExecutor.java:1136)
	at java.util.concurrent.ThreadPoolExecutor$Worker.run(ThreadPoolExecutor.java:635)
	at java.lang.Thread.run(Thread.java:840)

2023.12.30 19:17:08 ERROR Failed to tokenize input for semantic tokens for /home/dread/UNI/FPLP/scala/esami/giugno2016/arnoldC.scala
scala.meta.tokenizers.TokenizeException: <input>:63: error: unclosed string literal
      println(env("a))
                  ^
	at scala.meta.internal.tokenizers.Reporter.syntaxError(Reporter.scala:23)
	at scala.meta.internal.tokenizers.Reporter.syntaxError$(Reporter.scala:23)
	at scala.meta.internal.tokenizers.Reporter$$anon$1.syntaxError(Reporter.scala:33)
	at scala.meta.internal.tokenizers.Reporter.syntaxError(Reporter.scala:25)
	at scala.meta.internal.tokenizers.Reporter.syntaxError$(Reporter.scala:25)
	at scala.meta.internal.tokenizers.Reporter$$anon$1.syntaxError(Reporter.scala:33)
	at scala.meta.internal.tokenizers.LegacyScanner.getStringLit(LegacyScanner.scala:553)
	at scala.meta.internal.tokenizers.LegacyScanner.fetchDoubleQuote$1(LegacyScanner.scala:372)
	at scala.meta.internal.tokenizers.LegacyScanner.fetchToken(LegacyScanner.scala:376)
	at scala.meta.internal.tokenizers.LegacyScanner.nextToken(LegacyScanner.scala:211)
	at scala.meta.internal.tokenizers.LegacyScanner.foreach(LegacyScanner.scala:1011)
	at scala.meta.internal.tokenizers.ScalametaTokenizer.uncachedTokenize(ScalametaTokenizer.scala:24)
	at scala.meta.internal.tokenizers.ScalametaTokenizer.$anonfun$tokenize$1(ScalametaTokenizer.scala:17)
	at scala.collection.concurrent.TrieMap.getOrElseUpdate(TrieMap.scala:962)
	at scala.meta.internal.tokenizers.ScalametaTokenizer.tokenize(ScalametaTokenizer.scala:17)
	at scala.meta.internal.tokenizers.ScalametaTokenizer$$anon$2.apply(ScalametaTokenizer.scala:332)
	at scala.meta.tokenizers.Api$XtensionTokenizeDialectInput.tokenize(Api.scala:25)
	at scala.meta.tokenizers.Api$XtensionTokenizeInputLike.tokenize(Api.scala:14)
	at scala.meta.internal.metals.SemanticTokensProvider$.getTokens(SemanticTokensProvider.scala:28)
	at scala.meta.internal.metals.SemanticTokensProvider$.provide(SemanticTokensProvider.scala:89)
	at scala.meta.internal.metals.Compilers.$anonfun$semanticTokens$3(Compilers.scala:541)
	at scala.concurrent.impl.Promise$Transformation.run(Promise.scala:467)
	at java.util.concurrent.ThreadPoolExecutor.runWorker(ThreadPoolExecutor.java:1136)
	at java.util.concurrent.ThreadPoolExecutor$Worker.run(ThreadPoolExecutor.java:635)
	at java.lang.Thread.run(Thread.java:840)

2023.12.30 19:17:09 ERROR Failed to tokenize input for semantic tokens for /home/dread/UNI/FPLP/scala/esami/giugno2016/arnoldC.scala
scala.meta.tokenizers.TokenizeException: <input>:63: error: unclosed string interpolation
      println(env(""a"))
                      ^
	at scala.meta.internal.tokenizers.Reporter.syntaxError(Reporter.scala:23)
	at scala.meta.internal.tokenizers.Reporter.syntaxError$(Reporter.scala:23)
	at scala.meta.internal.tokenizers.Reporter$$anon$1.syntaxError(Reporter.scala:33)
	at scala.meta.internal.tokenizers.Reporter.syntaxError(Reporter.scala:25)
	at scala.meta.internal.tokenizers.Reporter.syntaxError$(Reporter.scala:25)
	at scala.meta.internal.tokenizers.Reporter$$anon$1.syntaxError(Reporter.scala:33)
	at scala.meta.internal.tokenizers.LegacyScanner.getStringPart(LegacyScanner.scala:659)
	at scala.meta.internal.tokenizers.LegacyScanner.fetchDoubleQuote$1(LegacyScanner.scala:357)
	at scala.meta.internal.tokenizers.LegacyScanner.fetchToken(LegacyScanner.scala:376)
	at scala.meta.internal.tokenizers.LegacyScanner.nextToken(LegacyScanner.scala:211)
	at scala.meta.internal.tokenizers.LegacyScanner.foreach(LegacyScanner.scala:1011)
	at scala.meta.internal.tokenizers.ScalametaTokenizer.uncachedTokenize(ScalametaTokenizer.scala:24)
	at scala.meta.internal.tokenizers.ScalametaTokenizer.$anonfun$tokenize$1(ScalametaTokenizer.scala:17)
	at scala.collection.concurrent.TrieMap.getOrElseUpdate(TrieMap.scala:962)
	at scala.meta.internal.tokenizers.ScalametaTokenizer.tokenize(ScalametaTokenizer.scala:17)
	at scala.meta.internal.tokenizers.ScalametaTokenizer$$anon$2.apply(ScalametaTokenizer.scala:332)
	at scala.meta.tokenizers.Api$XtensionTokenizeDialectInput.tokenize(Api.scala:25)
	at scala.meta.tokenizers.Api$XtensionTokenizeInputLike.tokenize(Api.scala:14)
	at scala.meta.internal.metals.SemanticTokensProvider$.getTokens(SemanticTokensProvider.scala:28)
	at scala.meta.internal.metals.SemanticTokensProvider$.provide(SemanticTokensProvider.scala:89)
	at scala.meta.internal.metals.Compilers.$anonfun$semanticTokens$3(Compilers.scala:541)
	at scala.concurrent.impl.Promise$Transformation.run(Promise.scala:467)
	at java.util.concurrent.ThreadPoolExecutor.runWorker(ThreadPoolExecutor.java:1136)
	at java.util.concurrent.ThreadPoolExecutor$Worker.run(ThreadPoolExecutor.java:635)
	at java.lang.Thread.run(Thread.java:840)

2023.12.30 19:17:11 WARN  no build target for: /home/dread/UNI/FPLP/scala/esami/giugno2016/arnoldC.scala
2023.12.30 19:17:29 ERROR Failed to tokenize input for semantic tokens for /home/dread/UNI/FPLP/scala/esami/giugno2016/arnoldC.scala
scala.meta.tokenizers.TokenizeException: <input>:63: error: unclosed string literal
      println(env("a))
                  ^
	at scala.meta.internal.tokenizers.Reporter.syntaxError(Reporter.scala:23)
	at scala.meta.internal.tokenizers.Reporter.syntaxError$(Reporter.scala:23)
	at scala.meta.internal.tokenizers.Reporter$$anon$1.syntaxError(Reporter.scala:33)
	at scala.meta.internal.tokenizers.Reporter.syntaxError(Reporter.scala:25)
	at scala.meta.internal.tokenizers.Reporter.syntaxError$(Reporter.scala:25)
	at scala.meta.internal.tokenizers.Reporter$$anon$1.syntaxError(Reporter.scala:33)
	at scala.meta.internal.tokenizers.LegacyScanner.getStringLit(LegacyScanner.scala:553)
	at scala.meta.internal.tokenizers.LegacyScanner.fetchDoubleQuote$1(LegacyScanner.scala:372)
	at scala.meta.internal.tokenizers.LegacyScanner.fetchToken(LegacyScanner.scala:376)
	at scala.meta.internal.tokenizers.LegacyScanner.nextToken(LegacyScanner.scala:211)
	at scala.meta.internal.tokenizers.LegacyScanner.foreach(LegacyScanner.scala:1011)
	at scala.meta.internal.tokenizers.ScalametaTokenizer.uncachedTokenize(ScalametaTokenizer.scala:24)
	at scala.meta.internal.tokenizers.ScalametaTokenizer.$anonfun$tokenize$1(ScalametaTokenizer.scala:17)
	at scala.collection.concurrent.TrieMap.getOrElseUpdate(TrieMap.scala:962)
	at scala.meta.internal.tokenizers.ScalametaTokenizer.tokenize(ScalametaTokenizer.scala:17)
	at scala.meta.internal.tokenizers.ScalametaTokenizer$$anon$2.apply(ScalametaTokenizer.scala:332)
	at scala.meta.tokenizers.Api$XtensionTokenizeDialectInput.tokenize(Api.scala:25)
	at scala.meta.tokenizers.Api$XtensionTokenizeInputLike.tokenize(Api.scala:14)
	at scala.meta.internal.metals.SemanticTokensProvider$.getTokens(SemanticTokensProvider.scala:28)
	at scala.meta.internal.metals.SemanticTokensProvider$.provide(SemanticTokensProvider.scala:89)
	at scala.meta.internal.metals.Compilers.$anonfun$semanticTokens$3(Compilers.scala:541)
	at scala.concurrent.impl.Promise$Transformation.run(Promise.scala:467)
	at java.util.concurrent.ThreadPoolExecutor.runWorker(ThreadPoolExecutor.java:1136)
	at java.util.concurrent.ThreadPoolExecutor$Worker.run(ThreadPoolExecutor.java:635)
	at java.lang.Thread.run(Thread.java:840)

2023.12.30 19:17:30 WARN  no build target for: /home/dread/UNI/FPLP/scala/esami/giugno2016/arnoldC.scala
2023.12.30 19:17:39 WARN  no build target for: /home/dread/UNI/FPLP/scala/esami/giugno2016/arnoldC.scala
2023.12.30 19:17:54 WARN  no build target for: /home/dread/UNI/FPLP/scala/esami/giugno2016/arnoldC.scala
2023.12.30 19:18:05 WARN  no build target for: /home/dread/UNI/FPLP/scala/esami/giugno2016/arnoldC.scala
2023.12.30 19:20:37 WARN  no build target for: /home/dread/UNI/FPLP/scala/esami/giugno2016/arnoldC.scala
2023.12.30 19:20:51 WARN  no build target for: /home/dread/UNI/FPLP/scala/esami/giugno2016/arnoldC.scala
2023.12.30 19:21:21 WARN  no build target for: /home/dread/UNI/FPLP/scala/esami/giugno2016/arnoldC.scala
2023.12.30 19:22:06 WARN  no build target for: /home/dread/UNI/FPLP/scala/esami/giugno2016/arnoldC.scala
2023.12.30 19:22:53 WARN  no build target for: /home/dread/UNI/FPLP/scala/esami/giugno2016/arnoldC.scala
2023.12.30 19:28:44 WARN  no build target for: /home/dread/UNI/FPLP/scala/esami/giugno2016/arnoldC.scala
2023.12.30 19:30:12 WARN  Using indexes to guess the definition of env
2023.12.30 19:30:14 WARN  Using indexes to guess the definition of env
2023.12.30 19:30:18 WARN  no build target for: /home/dread/UNI/FPLP/scala/esami/giugno2016/arnoldC.scala
2023.12.30 19:30:28 WARN  no build target for: /home/dread/UNI/FPLP/scala/esami/giugno2016/arnoldC.scala
2023.12.30 19:30:55 WARN  no build target for: /home/dread/UNI/FPLP/scala/esami/giugno2016/arnoldC.scala
2023.12.30 19:31:03 WARN  no build target for: /home/dread/UNI/FPLP/scala/esami/giugno2016/arnoldC.scala
2023.12.30 19:31:18 WARN  no build target for: /home/dread/UNI/FPLP/scala/esami/giugno2016/arnoldC.scala
2023.12.30 19:31:31 WARN  no build target for: /home/dread/UNI/FPLP/scala/esami/giugno2016/arnoldC.scala
Dec 30, 2023 7:44:52 PM org.eclipse.lsp4j.jsonrpc.RemoteEndpoint handleCancellation
WARNING: Unmatched cancel notification for request id 2944
2023.12.30 19:45:16 WARN  no build target for: /home/dread/UNI/FPLP/scala/esami/giugno2016/arnoldC.scala
2023.12.30 19:45:20 WARN  no build target for: /home/dread/UNI/FPLP/scala/esami/giugno2016/arnoldC.scala
2023.12.30 20:09:29 WARN  no build target for: /home/dread/UNI/FPLP/scala/esami/giugno2016/arnoldC.scala
2023.12.30 20:09:38 WARN  no build target for: /home/dread/UNI/FPLP/scala/esami/giugno2016/arnoldC.scala
2023.12.30 20:09:42 WARN  no build target for: /home/dread/UNI/FPLP/scala/esami/giugno2016/arnoldC.scala
2023.12.30 20:10:00 WARN  no build target for: /home/dread/UNI/FPLP/scala/esami/giugno2016/arnoldC.scala
Dec 30, 2023 8:22:16 PM org.eclipse.lsp4j.jsonrpc.RemoteEndpoint handleCancellation
WARNING: Unmatched cancel notification for request id 3524
2023.12.30 20:22:32 WARN  no build target for: /home/dread/UNI/FPLP/scala/esami/giugno2016/arnoldC.scala
2023.12.30 20:22:49 WARN  no build target for: /home/dread/UNI/FPLP/scala/esami/giugno2016/arnoldC.scala
2023.12.30 20:23:03 WARN  Using indexes to guess the definition of env
Exception in thread "pool-3-thread-1" java.lang.InterruptedException
	at scala.meta.internal.metals.FutureCancelToken.checkCanceled(FutureCancelToken.scala:29)
	at scala.meta.internal.pc.CompilerAccess.onCompilerJobQueue$$anonfun$1(CompilerAccess.scala:230)
	at scala.meta.internal.pc.CompilerJobQueue$Job.run(CompilerJobQueue.scala:152)
	at java.base/java.util.concurrent.ThreadPoolExecutor.runWorker(ThreadPoolExecutor.java:1136)
	at java.base/java.util.concurrent.ThreadPoolExecutor$Worker.run(ThreadPoolExecutor.java:635)
	at java.base/java.lang.Thread.run(Thread.java:840)
2023.12.30 20:23:03 WARN  Using indexes to guess the definition of env
2023.12.30 20:23:07 WARN  no build target for: /home/dread/UNI/FPLP/scala/esami/giugno2016/arnoldC.scala
2023.12.30 20:23:28 WARN  no build target for: /home/dread/UNI/FPLP/scala/esami/giugno2016/arnoldC.scala
2023.12.30 20:24:12 WARN  no build target for: /home/dread/UNI/FPLP/scala/esami/giugno2016/arnoldC.scala
2023.12.30 20:24:33 WARN  no build target for: /home/dread/UNI/FPLP/scala/esami/giugno2016/arnoldC.scala
2023.12.30 20:25:31 WARN  no build target for: /home/dread/UNI/FPLP/scala/esami/giugno2016/arnoldC.scala
2023.12.30 20:26:37 WARN  no build target for: /home/dread/UNI/FPLP/scala/esami/giugno2016/arnoldC.scala
2023.12.30 20:28:18 WARN  no build target for: /home/dread/UNI/FPLP/scala/esami/giugno2016/arnoldC.scala
2023.12.30 20:28:26 WARN  no build target for: /home/dread/UNI/FPLP/scala/esami/giugno2016/arnoldC.scala
2023.12.30 20:28:48 WARN  no build target for: /home/dread/UNI/FPLP/scala/esami/giugno2016/arnoldC.scala
2023.12.30 20:28:58 WARN  no build target for: /home/dread/UNI/FPLP/scala/esami/giugno2016/arnoldC.scala
2023.12.30 20:29:55 WARN  no build target for: /home/dread/UNI/FPLP/scala/esami/giugno2016/arnoldC.scala
2023.12.30 20:30:20 WARN  no build target for: /home/dread/UNI/FPLP/scala/esami/giugno2016/arnoldC.scala
2023.12.30 20:31:42 WARN  no build target for: /home/dread/UNI/FPLP/scala/esami/giugno2016/arnoldC.scala
2023.12.30 20:31:52 WARN  no build target for: /home/dread/UNI/FPLP/scala/esami/giugno2016/arnoldC.scala
2023.12.30 20:32:05 WARN  no build target for: /home/dread/UNI/FPLP/scala/esami/giugno2016/arnoldC.scala
2023.12.30 20:32:33 WARN  no build target for: /home/dread/UNI/FPLP/scala/esami/giugno2016/arnoldC.scala
2023.12.30 20:32:36 WARN  no build target for: /home/dread/UNI/FPLP/scala/esami/giugno2016/arnoldC.scala
2023.12.30 20:32:54 WARN  no build target for: /home/dread/UNI/FPLP/scala/esami/giugno2016/arnoldC.scala
2023.12.30 20:41:48 WARN  no build target for: /home/dread/UNI/FPLP/scala/esami/giugno2016/arnoldC.scala
2023.12.30 20:42:07 WARN  no build target for: /home/dread/UNI/FPLP/scala/esami/giugno2016/arnoldC.scala
2023.12.30 20:42:33 WARN  no build target for: /home/dread/UNI/FPLP/scala/esami/giugno2016/arnoldC.scala
2023.12.30 20:43:27 WARN  no build target for: /home/dread/UNI/FPLP/scala/esami/giugno2016/arnoldC.scala
2023.12.30 20:43:30 WARN  no build target for: /home/dread/UNI/FPLP/scala/esami/giugno2016/arnoldC.scala
2023.12.30 20:43:43 WARN  no build target for: /home/dread/UNI/FPLP/scala/esami/giugno2016/arnoldC.scala
2023.12.30 20:45:49 WARN  no build target for: /home/dread/UNI/FPLP/scala/esami/giugno2016/arnoldC.scala
2023.12.30 20:46:37 WARN  no build target for: /home/dread/UNI/FPLP/scala/esami/giugno2016/arnoldC.scala
2023.12.30 20:46:39 WARN  no build target for: /home/dread/UNI/FPLP/scala/esami/giugno2016/arnoldC.scala
2023.12.30 20:46:48 WARN  no build target for: /home/dread/UNI/FPLP/scala/esami/giugno2016/arnoldC.scala
2023.12.30 20:47:06 WARN  no build target for: /home/dread/UNI/FPLP/scala/esami/giugno2016/arnoldC.scala
2023.12.30 20:47:35 WARN  no build target for: /home/dread/UNI/FPLP/scala/esami/giugno2016/arnoldC.scala
2023.12.30 20:48:09 INFO  Shutting down server
2023.12.30 20:48:09 INFO  shutting down Metals
2023.12.30 20:48:09 INFO  Exiting server
